#! c:/iverilog-x64/bin/vvp
:ivl_version "10.1 (stable)" "(v10_1_1)";
:ivl_delay_selection "TYPICAL";
:vpi_time_precision + 0;
:vpi_module "system";
:vpi_module "vhdl_sys";
:vpi_module "v2005_math";
:vpi_module "va_math";
S_000000000273f5a0 .scope module, "tests" "tests" 2 56;
 .timescale 0 0;
v0000000002735d90_0 .var "Funct", 5 0;
v0000000002796a40_0 .net "Out", 3 0, v0000000002735cf0_0;  1 drivers
v0000000002796ae0_0 .var "aluOp", 1 0;
S_0000000002735a30 .scope module, "t_ALU" "ALUControl" 2 62, 2 1 0, S_000000000273f5a0;
 .timescale 0 0;
    .port_info 0 /INPUT 2 "ALUOp"
    .port_info 1 /INPUT 6 "Function"
    .port_info 2 /OUTPUT 4 "Output"
v0000000002735bb0_0 .net "ALUOp", 1 0, v0000000002796ae0_0;  1 drivers
v0000000002735c50_0 .net "Function", 5 0, v0000000002735d90_0;  1 drivers
v0000000002735cf0_0 .var "Output", 3 0;
E_000000000273aff0 .event edge, v0000000002735c50_0, v0000000002735bb0_0;
    .scope S_0000000002735a30;
T_0 ;
    %wait E_000000000273aff0;
    %load/vec4 v0000000002735bb0_0;
    %dup/vec4;
    %pushi/vec4 0, 0, 2;
    %cmp/u;
    %jmp/1 T_0.0, 6;
    %dup/vec4;
    %pushi/vec4 1, 0, 2;
    %cmp/u;
    %jmp/1 T_0.1, 6;
    %dup/vec4;
    %pushi/vec4 2, 0, 2;
    %cmp/u;
    %jmp/1 T_0.2, 6;
    %jmp T_0.3;
T_0.0 ;
    %vpi_call 2 12 "$display", "ALUOp = 00" {0 0 0};
    %pushi/vec4 2, 0, 4;
    %store/vec4 v0000000002735cf0_0, 0, 4;
    %jmp T_0.3;
T_0.1 ;
    %vpi_call 2 16 "$display", "AlUOp = 01" {0 0 0};
    %pushi/vec4 6, 0, 4;
    %store/vec4 v0000000002735cf0_0, 0, 4;
    %jmp T_0.3;
T_0.2 ;
    %vpi_call 2 20 "$display", "ALUOp = 10" {0 0 0};
    %load/vec4 v0000000002735c50_0;
    %cmpi/e 32, 0, 6;
    %jmp/0xz  T_0.4, 4;
    %pushi/vec4 2, 0, 4;
    %store/vec4 v0000000002735cf0_0, 0, 4;
    %vpi_call 2 24 "$display", "add" {0 0 0};
    %jmp T_0.5;
T_0.4 ;
    %load/vec4 v0000000002735c50_0;
    %cmpi/e 34, 0, 6;
    %jmp/0xz  T_0.6, 4;
    %pushi/vec4 6, 0, 4;
    %store/vec4 v0000000002735cf0_0, 0, 4;
    %vpi_call 2 29 "$display", "sub" {0 0 0};
    %jmp T_0.7;
T_0.6 ;
    %load/vec4 v0000000002735c50_0;
    %cmpi/e 36, 0, 6;
    %jmp/0xz  T_0.8, 4;
    %pushi/vec4 0, 0, 4;
    %store/vec4 v0000000002735cf0_0, 0, 4;
    %vpi_call 2 34 "$display", "and" {0 0 0};
    %jmp T_0.9;
T_0.8 ;
    %load/vec4 v0000000002735c50_0;
    %cmpi/e 37, 0, 6;
    %jmp/0xz  T_0.10, 4;
    %pushi/vec4 1, 0, 4;
    %store/vec4 v0000000002735cf0_0, 0, 4;
    %vpi_call 2 40 "$display", "or" {0 0 0};
    %jmp T_0.11;
T_0.10 ;
    %load/vec4 v0000000002735c50_0;
    %cmpi/e 42, 0, 6;
    %jmp/0xz  T_0.12, 4;
    %pushi/vec4 7, 0, 4;
    %store/vec4 v0000000002735cf0_0, 0, 4;
    %vpi_call 2 45 "$display", "slt" {0 0 0};
T_0.12 ;
T_0.11 ;
T_0.9 ;
T_0.7 ;
T_0.5 ;
    %jmp T_0.3;
T_0.3 ;
    %pop/vec4 1;
    %jmp T_0;
    .thread T_0, $push;
    .scope S_000000000273f5a0;
T_1 ;
    %pushi/vec4 0, 0, 2;
    %store/vec4 v0000000002796ae0_0, 0, 2;
    %pushi/vec4 0, 0, 6;
    %store/vec4 v0000000002735d90_0, 0, 6;
    %end;
    .thread T_1;
    .scope S_000000000273f5a0;
T_2 ;
    %delay 1, 0;
    %pushi/vec4 2, 0, 2;
    %store/vec4 v0000000002796ae0_0, 0, 2;
    %delay 1, 0;
    %pushi/vec4 42, 0, 6;
    %store/vec4 v0000000002735d90_0, 0, 6;
    %vpi_call 2 75 "$monitor", $time, "Out = %b", v0000000002796a40_0 {0 0 0};
    %end;
    .thread T_2;
    .scope S_000000000273f5a0;
T_3 ;
    %vpi_call 2 84 "$dumpfile", "ALUControl.vcd" {0 0 0};
    %vpi_call 2 85 "$dumpvars" {0 0 0};
    %end;
    .thread T_3;
# The file index is used to find the file name in the following table.
:file_names 3;
    "N/A";
    "<interactive>";
    "ALUControl.v";
